2017-08-17T13:25:01.862117Z 0 [Warning] InnoDB: New log files created, LSN=45790
2017-08-17T13:25:01.906418Z 0 [Warning] InnoDB: Creating foreign key constraint system tables.
2017-08-17T13:25:01.980816Z 0 [Warning] No existing UUID has been found, so we assume that this is the first time that this server has been started. Generating a new UUID: 795bdcb5-834f-11e7-a0f3-0242ac120005.
2017-08-17T13:25:01.982894Z 0 [Warning] Gtid table is not ready to be used. Table 'mysql.gtid_executed' cannot be opened.
2017-08-17T13:25:01.983651Z 1 [Warning] root@localhost is created with an empty password ! Please consider switching off the --initialize-insecure option.
2017-08-17T13:25:03.363924Z 1 [Warning] 'user' entry 'root@localhost' ignored in --skip-name-resolve mode.
2017-08-17T13:25:03.364090Z 1 [Warning] 'user' entry 'mysql.sys@localhost' ignored in --skip-name-resolve mode.
2017-08-17T13:25:03.364257Z 1 [Warning] 'db' entry 'sys mysql.sys@localhost' ignored in --skip-name-resolve mode.
2017-08-17T13:25:03.364413Z 1 [Warning] 'proxies_priv' entry '@ root@localhost' ignored in --skip-name-resolve mode.
2017-08-17T13:25:03.364591Z 1 [Warning] 'tables_priv' entry 'sys_config mysql.sys@localhost' ignored in --skip-name-resolve mode.
2017-08-17T13:25:05.608469Z 0 [Note] mysqld (mysqld 5.7.12-log) starting as process 51 ...
2017-08-17T13:25:05.612972Z 0 [Note] InnoDB: PUNCH HOLE support available
2017-08-17T13:25:05.613269Z 0 [Note] InnoDB: Mutexes and rw_locks use GCC atomic builtins
2017-08-17T13:25:05.613454Z 0 [Note] InnoDB: Uses event mutexes
2017-08-17T13:25:05.613623Z 0 [Note] InnoDB: GCC builtin __atomic_thread_fence() is used for memory barrier
2017-08-17T13:25:05.613807Z 0 [Note] InnoDB: Compressed tables use zlib 1.2.8
2017-08-17T13:25:05.614000Z 0 [Note] InnoDB: Using Linux native AIO
2017-08-17T13:25:05.614330Z 0 [Note] InnoDB: Number of pools: 1
2017-08-17T13:25:05.614602Z 0 [Note] InnoDB: Using CPU crc32 instructions
2017-08-17T13:25:05.619653Z 0 [Note] InnoDB: Initializing buffer pool, total size = 128M, instances = 1, chunk size = 128M
2017-08-17T13:25:05.624344Z 0 [Note] InnoDB: Completed initialization of buffer pool
2017-08-17T13:25:05.625905Z 0 [Note] InnoDB: If the mysqld execution user is authorized, page cleaner thread priority can be changed. See the man page of setpriority().
2017-08-17T13:25:05.642968Z 0 [Note] InnoDB: Highest supported file format is Barracuda.
2017-08-17T13:25:05.662987Z 0 [Note] InnoDB: Creating shared tablespace for temporary tables
2017-08-17T13:25:05.663328Z 0 [Note] InnoDB: Setting file './ibtmp1' size to 12 MB. Physically writing the file full; Please wait ...
2017-08-17T13:25:05.713322Z 0 [Note] InnoDB: File './ibtmp1' size is now 12 MB.
2017-08-17T13:25:05.717400Z 0 [Note] InnoDB: 96 redo rollback segment(s) found. 96 redo rollback segment(s) are active.
2017-08-17T13:25:05.722993Z 0 [Note] InnoDB: 32 non-redo rollback segment(s) are active.
2017-08-17T13:25:05.753182Z 0 [Note] InnoDB: 5.7.12 started; log sequence number 2522067
2017-08-17T13:25:05.775744Z 0 [Note] InnoDB: Loading buffer pool(s) from /var/lib/mysql/ib_buffer_pool
2017-08-17T13:25:05.782239Z 0 [Note] InnoDB: Buffer pool(s) load completed at 170817 13:25:05
2017-08-17T13:25:05.780820Z 0 [Note] Plugin 'FEDERATED' is disabled.
2017-08-17T13:25:05.797057Z 0 [Warning] Failed to set up SSL because of the following SSL library error: SSL context is not usable without certificate and private key
2017-08-17T13:25:05.801458Z 0 [Warning] 'user' entry 'root@localhost' ignored in --skip-name-resolve mode.
2017-08-17T13:25:05.801960Z 0 [Warning] 'user' entry 'mysql.sys@localhost' ignored in --skip-name-resolve mode.
2017-08-17T13:25:05.802347Z 0 [Warning] 'db' entry 'sys mysql.sys@localhost' ignored in --skip-name-resolve mode.
2017-08-17T13:25:05.803314Z 0 [Warning] 'proxies_priv' entry '@ root@localhost' ignored in --skip-name-resolve mode.
2017-08-17T13:25:05.806383Z 0 [Warning] 'tables_priv' entry 'sys_config mysql.sys@localhost' ignored in --skip-name-resolve mode.
2017-08-17T13:25:05.812766Z 0 [Note] Event Scheduler: Loaded 0 events
2017-08-17T13:25:05.813864Z 0 [Note] mysqld: ready for connections.
Version: '5.7.12-log'  socket: '/var/run/mysqld/mysqld.sock'  port: 0  MySQL Community Server (GPL)
2017-08-17T13:25:10.244251Z 4 [Warning] 'db' entry 'sys mysql.sys@localhost' ignored in --skip-name-resolve mode.
2017-08-17T13:25:10.244384Z 4 [Warning] 'proxies_priv' entry '@ root@localhost' ignored in --skip-name-resolve mode.
2017-08-17T13:25:10.244542Z 4 [Warning] 'tables_priv' entry 'sys_config mysql.sys@localhost' ignored in --skip-name-resolve mode.
2017-08-17T13:25:10.246547Z 0 [Note] Giving 0 client threads a chance to die gracefully
2017-08-17T13:25:10.246748Z 0 [Note] Shutting down slave threads
2017-08-17T13:25:10.246934Z 0 [Note] Forcefully disconnecting 0 remaining clients
2017-08-17T13:25:10.247134Z 0 [Note] Event Scheduler: Purging the queue. 0 events
2017-08-17T13:25:10.247302Z 0 [Note] Binlog end
2017-08-17T13:25:10.247797Z 0 [Note] Shutting down plugin 'ngram'
2017-08-17T13:25:10.247940Z 0 [Note] Shutting down plugin 'BLACKHOLE'
2017-08-17T13:25:10.248093Z 0 [Note] Shutting down plugin 'partition'
2017-08-17T13:25:10.248244Z 0 [Note] Shutting down plugin 'ARCHIVE'
2017-08-17T13:25:10.248387Z 0 [Note] Shutting down plugin 'MEMORY'
2017-08-17T13:25:10.248541Z 0 [Note] Shutting down plugin 'INNODB_SYS_VIRTUAL'
2017-08-17T13:25:10.248679Z 0 [Note] Shutting down plugin 'INNODB_SYS_DATAFILES'
2017-08-17T13:25:10.248826Z 0 [Note] Shutting down plugin 'INNODB_SYS_TABLESPACES'
2017-08-17T13:25:10.248990Z 0 [Note] Shutting down plugin 'INNODB_SYS_FOREIGN_COLS'
2017-08-17T13:25:10.249160Z 0 [Note] Shutting down plugin 'INNODB_SYS_FOREIGN'
2017-08-17T13:25:10.249341Z 0 [Note] Shutting down plugin 'INNODB_SYS_FIELDS'
2017-08-17T13:25:10.249479Z 0 [Note] Shutting down plugin 'INNODB_SYS_COLUMNS'
2017-08-17T13:25:10.249644Z 0 [Note] Shutting down plugin 'INNODB_SYS_INDEXES'
2017-08-17T13:25:10.249821Z 0 [Note] Shutting down plugin 'INNODB_SYS_TABLESTATS'
2017-08-17T13:25:10.249996Z 0 [Note] Shutting down plugin 'INNODB_SYS_TABLES'
2017-08-17T13:25:10.250149Z 0 [Note] Shutting down plugin 'INNODB_FT_INDEX_TABLE'
2017-08-17T13:25:10.250277Z 0 [Note] Shutting down plugin 'INNODB_FT_INDEX_CACHE'
2017-08-17T13:25:10.250415Z 0 [Note] Shutting down plugin 'INNODB_FT_CONFIG'
2017-08-17T13:25:10.250545Z 0 [Note] Shutting down plugin 'INNODB_FT_BEING_DELETED'
2017-08-17T13:25:10.250768Z 0 [Note] Shutting down plugin 'INNODB_FT_DELETED'
2017-08-17T13:25:10.250895Z 0 [Note] Shutting down plugin 'INNODB_FT_DEFAULT_STOPWORD'
2017-08-17T13:25:10.251015Z 0 [Note] Shutting down plugin 'INNODB_METRICS'
2017-08-17T13:25:10.251151Z 0 [Note] Shutting down plugin 'INNODB_TEMP_TABLE_INFO'
2017-08-17T13:25:10.251273Z 0 [Note] Shutting down plugin 'INNODB_BUFFER_POOL_STATS'
2017-08-17T13:25:10.251390Z 0 [Note] Shutting down plugin 'INNODB_BUFFER_PAGE_LRU'
2017-08-17T13:25:10.251512Z 0 [Note] Shutting down plugin 'INNODB_BUFFER_PAGE'
2017-08-17T13:25:10.251635Z 0 [Note] Shutting down plugin 'INNODB_CMP_PER_INDEX_RESET'
2017-08-17T13:25:10.251753Z 0 [Note] Shutting down plugin 'INNODB_CMP_PER_INDEX'
2017-08-17T13:25:10.251879Z 0 [Note] Shutting down plugin 'INNODB_CMPMEM_RESET'
2017-08-17T13:25:10.251995Z 0 [Note] Shutting down plugin 'INNODB_CMPMEM'
2017-08-17T13:25:10.252128Z 0 [Note] Shutting down plugin 'INNODB_CMP_RESET'
2017-08-17T13:25:10.252257Z 0 [Note] Shutting down plugin 'INNODB_CMP'
2017-08-17T13:25:10.252380Z 0 [Note] Shutting down plugin 'INNODB_LOCK_WAITS'
2017-08-17T13:25:10.252504Z 0 [Note] Shutting down plugin 'INNODB_LOCKS'
2017-08-17T13:25:10.252607Z 0 [Note] Shutting down plugin 'INNODB_TRX'
2017-08-17T13:25:10.252715Z 0 [Note] Shutting down plugin 'InnoDB'
2017-08-17T13:25:10.252908Z 0 [Note] InnoDB: FTS optimize thread exiting.
2017-08-17T13:25:10.253123Z 0 [Note] InnoDB: Starting shutdown...
2017-08-17T13:25:10.354126Z 0 [Note] InnoDB: Dumping buffer pool(s) to /var/lib/mysql/ib_buffer_pool
2017-08-17T13:25:10.354592Z 0 [Note] InnoDB: Buffer pool(s) dump completed at 170817 13:25:10
2017-08-17T13:25:11.681410Z 0 [Note] InnoDB: Shutdown completed; log sequence number 12127494
2017-08-17T13:25:11.683575Z 0 [Note] InnoDB: Removed temporary tablespace data file: "ibtmp1"
2017-08-17T13:25:11.683923Z 0 [Note] Shutting down plugin 'MyISAM'
2017-08-17T13:25:11.684193Z 0 [Note] Shutting down plugin 'MRG_MYISAM'
2017-08-17T13:25:11.684448Z 0 [Note] Shutting down plugin 'CSV'
2017-08-17T13:25:11.684661Z 0 [Note] Shutting down plugin 'PERFORMANCE_SCHEMA'
2017-08-17T13:25:11.684863Z 0 [Note] Shutting down plugin 'sha256_password'
2017-08-17T13:25:11.685084Z 0 [Note] Shutting down plugin 'mysql_native_password'
2017-08-17T13:25:11.685599Z 0 [Note] Shutting down plugin 'binlog'
2017-08-17T13:25:11.697736Z 0 [Note] mysqld: Shutdown complete

2017-08-17T13:25:12.007253Z 0 [Note] mysqld (mysqld 5.7.12-log) starting as process 1 ...
2017-08-17T13:25:12.015234Z 0 [Note] InnoDB: PUNCH HOLE support available
2017-08-17T13:25:12.015447Z 0 [Note] InnoDB: Mutexes and rw_locks use GCC atomic builtins
2017-08-17T13:25:12.015742Z 0 [Note] InnoDB: Uses event mutexes
2017-08-17T13:25:12.015963Z 0 [Note] InnoDB: GCC builtin __atomic_thread_fence() is used for memory barrier
2017-08-17T13:25:12.016148Z 0 [Note] InnoDB: Compressed tables use zlib 1.2.8
2017-08-17T13:25:12.016343Z 0 [Note] InnoDB: Using Linux native AIO
2017-08-17T13:25:12.016741Z 0 [Note] InnoDB: Number of pools: 1
2017-08-17T13:25:12.017025Z 0 [Note] InnoDB: Using CPU crc32 instructions
2017-08-17T13:25:12.022328Z 0 [Note] InnoDB: Initializing buffer pool, total size = 128M, instances = 1, chunk size = 128M
2017-08-17T13:25:12.027294Z 0 [Note] InnoDB: Completed initialization of buffer pool
2017-08-17T13:25:12.029293Z 0 [Note] InnoDB: If the mysqld execution user is authorized, page cleaner thread priority can be changed. See the man page of setpriority().
2017-08-17T13:25:12.047323Z 0 [Note] InnoDB: Highest supported file format is Barracuda.
2017-08-17T13:25:12.096092Z 0 [Note] InnoDB: Creating shared tablespace for temporary tables
2017-08-17T13:25:12.098310Z 0 [Note] InnoDB: Setting file './ibtmp1' size to 12 MB. Physically writing the file full; Please wait ...
2017-08-17T13:25:12.149379Z 0 [Note] InnoDB: File './ibtmp1' size is now 12 MB.
2017-08-17T13:25:12.150604Z 0 [Note] InnoDB: 96 redo rollback segment(s) found. 96 redo rollback segment(s) are active.
2017-08-17T13:25:12.150831Z 0 [Note] InnoDB: 32 non-redo rollback segment(s) are active.
2017-08-17T13:25:12.151224Z 0 [Note] InnoDB: Waiting for purge to start
2017-08-17T13:25:12.207201Z 0 [Note] InnoDB: 5.7.12 started; log sequence number 12127494
2017-08-17T13:25:12.208001Z 0 [Note] Plugin 'FEDERATED' is disabled.
2017-08-17T13:25:12.209161Z 0 [Note] InnoDB: Loading buffer pool(s) from /var/lib/mysql/ib_buffer_pool
2017-08-17T13:25:12.219011Z 0 [Warning] Failed to set up SSL because of the following SSL library error: SSL context is not usable without certificate and private key
2017-08-17T13:25:12.219631Z 0 [Note] Server hostname (bind-address): '*'; port: 3306
2017-08-17T13:25:12.219860Z 0 [Note] IPv6 is available.
2017-08-17T13:25:12.220052Z 0 [Note]   - '::' resolves to '::';
2017-08-17T13:25:12.220507Z 0 [Note] Server socket created on IP: '::'.
2017-08-17T13:25:12.232773Z 0 [Warning] 'db' entry 'sys mysql.sys@localhost' ignored in --skip-name-resolve mode.
2017-08-17T13:25:12.234107Z 0 [Warning] 'proxies_priv' entry '@ root@localhost' ignored in --skip-name-resolve mode.
2017-08-17T13:25:12.245029Z 0 [Warning] 'tables_priv' entry 'sys_config mysql.sys@localhost' ignored in --skip-name-resolve mode.
2017-08-17T13:25:12.250943Z 0 [Note] Event Scheduler: Loaded 0 events
2017-08-17T13:25:12.251322Z 0 [Note] InnoDB: Buffer pool(s) load completed at 170817 13:25:12
2017-08-17T13:25:12.251513Z 0 [Note] mysqld: ready for connections.
Version: '5.7.12-log'  socket: '/var/run/mysqld/mysqld.sock'  port: 3306  MySQL Community Server (GPL)
2017-08-17T15:00:08.655109Z 0 [Note] Giving 1 client threads a chance to die gracefully
2017-08-17T15:00:08.656199Z 0 [Note] Shutting down slave threads
2017-08-17T15:00:10.657226Z 0 [Note] Forcefully disconnecting 0 remaining clients
2017-08-17T15:00:10.657559Z 0 [Note] Event Scheduler: Purging the queue. 0 events
2017-08-17T15:00:10.657831Z 0 [Note] Binlog end
2017-08-17T15:00:10.661679Z 0 [Note] Shutting down plugin 'ngram'
2017-08-17T15:00:10.662011Z 0 [Note] Shutting down plugin 'BLACKHOLE'
2017-08-17T15:00:10.662186Z 0 [Note] Shutting down plugin 'partition'
2017-08-17T15:00:10.662345Z 0 [Note] Shutting down plugin 'ARCHIVE'
2017-08-17T15:00:10.662493Z 0 [Note] Shutting down plugin 'MEMORY'
2017-08-17T15:00:10.662635Z 0 [Note] Shutting down plugin 'INNODB_SYS_VIRTUAL'
2017-08-17T15:00:10.662997Z 0 [Note] Shutting down plugin 'INNODB_SYS_DATAFILES'
2017-08-17T15:00:10.663138Z 0 [Note] Shutting down plugin 'INNODB_SYS_TABLESPACES'
2017-08-17T15:00:10.663298Z 0 [Note] Shutting down plugin 'INNODB_SYS_FOREIGN_COLS'
2017-08-17T15:00:10.663446Z 0 [Note] Shutting down plugin 'INNODB_SYS_FOREIGN'
2017-08-17T15:00:10.663579Z 0 [Note] Shutting down plugin 'INNODB_SYS_FIELDS'
2017-08-17T15:00:10.663769Z 0 [Note] Shutting down plugin 'INNODB_SYS_COLUMNS'
2017-08-17T15:00:10.663914Z 0 [Note] Shutting down plugin 'INNODB_SYS_INDEXES'
2017-08-17T15:00:10.664077Z 0 [Note] Shutting down plugin 'INNODB_SYS_TABLESTATS'
2017-08-17T15:00:10.664223Z 0 [Note] Shutting down plugin 'INNODB_SYS_TABLES'
2017-08-17T15:00:10.664360Z 0 [Note] Shutting down plugin 'INNODB_FT_INDEX_TABLE'
2017-08-17T15:00:10.664485Z 0 [Note] Shutting down plugin 'INNODB_FT_INDEX_CACHE'
2017-08-17T15:00:10.664639Z 0 [Note] Shutting down plugin 'INNODB_FT_CONFIG'
2017-08-17T15:00:10.664793Z 0 [Note] Shutting down plugin 'INNODB_FT_BEING_DELETED'
2017-08-17T15:00:10.664918Z 0 [Note] Shutting down plugin 'INNODB_FT_DELETED'
2017-08-17T15:00:10.665064Z 0 [Note] Shutting down plugin 'INNODB_FT_DEFAULT_STOPWORD'
2017-08-17T15:00:10.665176Z 0 [Note] Shutting down plugin 'INNODB_METRICS'
2017-08-17T15:00:10.665301Z 0 [Note] Shutting down plugin 'INNODB_TEMP_TABLE_INFO'
2017-08-17T15:00:10.665430Z 0 [Note] Shutting down plugin 'INNODB_BUFFER_POOL_STATS'
2017-08-17T15:00:10.665555Z 0 [Note] Shutting down plugin 'INNODB_BUFFER_PAGE_LRU'
2017-08-17T15:00:10.665671Z 0 [Note] Shutting down plugin 'INNODB_BUFFER_PAGE'
2017-08-17T15:00:10.665778Z 0 [Note] Shutting down plugin 'INNODB_CMP_PER_INDEX_RESET'
2017-08-17T15:00:10.665884Z 0 [Note] Shutting down plugin 'INNODB_CMP_PER_INDEX'
2017-08-17T15:00:10.666007Z 0 [Note] Shutting down plugin 'INNODB_CMPMEM_RESET'
2017-08-17T15:00:10.666116Z 0 [Note] Shutting down plugin 'INNODB_CMPMEM'
2017-08-17T15:00:10.666240Z 0 [Note] Shutting down plugin 'INNODB_CMP_RESET'
2017-08-17T15:00:10.666355Z 0 [Note] Shutting down plugin 'INNODB_CMP'
2017-08-17T15:00:10.666468Z 0 [Note] Shutting down plugin 'INNODB_LOCK_WAITS'
2017-08-17T15:00:10.666573Z 0 [Note] Shutting down plugin 'INNODB_LOCKS'
2017-08-17T15:00:10.666699Z 0 [Note] Shutting down plugin 'INNODB_TRX'
2017-08-17T15:00:10.666834Z 0 [Note] Shutting down plugin 'InnoDB'
2017-08-17T15:00:10.668992Z 0 [Note] InnoDB: FTS optimize thread exiting.
2017-08-17T15:00:10.669196Z 0 [Note] InnoDB: Starting shutdown...
2017-08-17T15:00:10.771409Z 0 [Note] InnoDB: Dumping buffer pool(s) to /var/lib/mysql/ib_buffer_pool
2017-08-17T15:00:10.771927Z 0 [Note] InnoDB: Buffer pool(s) dump completed at 170817 15:00:10
2017-08-17T15:00:12.194474Z 0 [Note] InnoDB: Shutdown completed; log sequence number 12127522
2017-08-17T15:00:12.195651Z 0 [Note] InnoDB: Removed temporary tablespace data file: "ibtmp1"
2017-08-17T15:00:12.195968Z 0 [Note] Shutting down plugin 'MyISAM'
2017-08-17T15:00:12.196563Z 0 [Note] Shutting down plugin 'MRG_MYISAM'
2017-08-17T15:00:12.196819Z 0 [Note] Shutting down plugin 'CSV'
2017-08-17T15:00:12.197071Z 0 [Note] Shutting down plugin 'PERFORMANCE_SCHEMA'
2017-08-17T15:00:12.197337Z 0 [Note] Shutting down plugin 'sha256_password'
2017-08-17T15:00:12.197530Z 0 [Note] Shutting down plugin 'mysql_native_password'
2017-08-17T15:00:12.201945Z 0 [Note] Shutting down plugin 'binlog'
2017-08-17T15:00:12.205081Z 0 [Note] mysqld: Shutdown complete

2017-08-18T11:17:41.210014Z 0 [Warning] InnoDB: New log files created, LSN=45790
2017-08-18T11:17:41.308692Z 0 [Warning] InnoDB: Creating foreign key constraint system tables.
2017-08-18T11:17:41.375662Z 0 [Warning] No existing UUID has been found, so we assume that this is the first time that this server has been started. Generating a new UUID: d99dca16-8406-11e7-9bb9-0242ac120002.
2017-08-18T11:17:41.377783Z 0 [Warning] Gtid table is not ready to be used. Table 'mysql.gtid_executed' cannot be opened.
2017-08-18T11:17:41.378707Z 1 [Warning] root@localhost is created with an empty password ! Please consider switching off the --initialize-insecure option.
2017-08-18T11:17:42.998952Z 1 [Warning] 'user' entry 'root@localhost' ignored in --skip-name-resolve mode.
2017-08-18T11:17:42.999168Z 1 [Warning] 'user' entry 'mysql.sys@localhost' ignored in --skip-name-resolve mode.
2017-08-18T11:17:42.999423Z 1 [Warning] 'db' entry 'sys mysql.sys@localhost' ignored in --skip-name-resolve mode.
2017-08-18T11:17:42.999646Z 1 [Warning] 'proxies_priv' entry '@ root@localhost' ignored in --skip-name-resolve mode.
2017-08-18T11:17:42.999918Z 1 [Warning] 'tables_priv' entry 'sys_config mysql.sys@localhost' ignored in --skip-name-resolve mode.
2017-08-18T11:17:44.906257Z 0 [Note] mysqld (mysqld 5.7.12-log) starting as process 51 ...
2017-08-18T11:17:44.911171Z 0 [Note] InnoDB: PUNCH HOLE support available
2017-08-18T11:17:44.917834Z 0 [Note] InnoDB: Mutexes and rw_locks use GCC atomic builtins
2017-08-18T11:17:44.918134Z 0 [Note] InnoDB: Uses event mutexes
2017-08-18T11:17:44.918363Z 0 [Note] InnoDB: GCC builtin __atomic_thread_fence() is used for memory barrier
2017-08-18T11:17:44.918625Z 0 [Note] InnoDB: Compressed tables use zlib 1.2.8
2017-08-18T11:17:44.918770Z 0 [Note] InnoDB: Using Linux native AIO
2017-08-18T11:17:44.919157Z 0 [Note] InnoDB: Number of pools: 1
2017-08-18T11:17:44.919371Z 0 [Note] InnoDB: Using CPU crc32 instructions
2017-08-18T11:17:44.924633Z 0 [Note] InnoDB: Initializing buffer pool, total size = 128M, instances = 1, chunk size = 128M
2017-08-18T11:17:44.930488Z 0 [Note] InnoDB: Completed initialization of buffer pool
2017-08-18T11:17:44.932396Z 0 [Note] InnoDB: If the mysqld execution user is authorized, page cleaner thread priority can be changed. See the man page of setpriority().
2017-08-18T11:17:44.943795Z 0 [Note] InnoDB: Highest supported file format is Barracuda.
2017-08-18T11:17:44.957737Z 0 [Note] InnoDB: Creating shared tablespace for temporary tables
2017-08-18T11:17:44.958146Z 0 [Note] InnoDB: Setting file './ibtmp1' size to 12 MB. Physically writing the file full; Please wait ...
2017-08-18T11:17:45.024537Z 0 [Note] InnoDB: File './ibtmp1' size is now 12 MB.
2017-08-18T11:17:45.025685Z 0 [Note] InnoDB: 96 redo rollback segment(s) found. 96 redo rollback segment(s) are active.
2017-08-18T11:17:45.026333Z 0 [Note] InnoDB: 32 non-redo rollback segment(s) are active.
2017-08-18T11:17:45.026920Z 0 [Note] InnoDB: Waiting for purge to start
2017-08-18T11:17:45.077939Z 0 [Note] InnoDB: 5.7.12 started; log sequence number 2522067
2017-08-18T11:17:45.078366Z 0 [Note] Plugin 'FEDERATED' is disabled.
2017-08-18T11:17:45.078494Z 0 [Note] InnoDB: Loading buffer pool(s) from /var/lib/mysql/ib_buffer_pool
2017-08-18T11:17:45.081663Z 0 [Warning] Failed to set up SSL because of the following SSL library error: SSL context is not usable without certificate and private key
2017-08-18T11:17:45.082362Z 0 [Note] InnoDB: Buffer pool(s) load completed at 170818 11:17:45
2017-08-18T11:17:45.084690Z 0 [Warning] 'user' entry 'root@localhost' ignored in --skip-name-resolve mode.
2017-08-18T11:17:45.085052Z 0 [Warning] 'user' entry 'mysql.sys@localhost' ignored in --skip-name-resolve mode.
2017-08-18T11:17:45.085345Z 0 [Warning] 'db' entry 'sys mysql.sys@localhost' ignored in --skip-name-resolve mode.
2017-08-18T11:17:45.085523Z 0 [Warning] 'proxies_priv' entry '@ root@localhost' ignored in --skip-name-resolve mode.
2017-08-18T11:17:45.086728Z 0 [Warning] 'tables_priv' entry 'sys_config mysql.sys@localhost' ignored in --skip-name-resolve mode.
2017-08-18T11:17:45.090986Z 0 [Note] Event Scheduler: Loaded 0 events
2017-08-18T11:17:45.091400Z 0 [Note] mysqld: ready for connections.
Version: '5.7.12-log'  socket: '/var/run/mysqld/mysqld.sock'  port: 0  MySQL Community Server (GPL)
2017-08-18T11:17:50.230648Z 4 [Warning] 'db' entry 'sys mysql.sys@localhost' ignored in --skip-name-resolve mode.
2017-08-18T11:17:50.230911Z 4 [Warning] 'proxies_priv' entry '@ root@localhost' ignored in --skip-name-resolve mode.
2017-08-18T11:17:50.231261Z 4 [Warning] 'tables_priv' entry 'sys_config mysql.sys@localhost' ignored in --skip-name-resolve mode.
2017-08-18T11:17:50.233456Z 0 [Note] Giving 0 client threads a chance to die gracefully
2017-08-18T11:17:50.233789Z 0 [Note] Shutting down slave threads
2017-08-18T11:17:50.234008Z 0 [Note] Forcefully disconnecting 0 remaining clients
2017-08-18T11:17:50.234302Z 0 [Note] Event Scheduler: Purging the queue. 0 events
2017-08-18T11:17:50.234541Z 0 [Note] Binlog end
2017-08-18T11:17:50.235282Z 0 [Note] Shutting down plugin 'ngram'
2017-08-18T11:17:50.235473Z 0 [Note] Shutting down plugin 'BLACKHOLE'
2017-08-18T11:17:50.235618Z 0 [Note] Shutting down plugin 'partition'
2017-08-18T11:17:50.235796Z 0 [Note] Shutting down plugin 'ARCHIVE'
2017-08-18T11:17:50.235967Z 0 [Note] Shutting down plugin 'MEMORY'
2017-08-18T11:17:50.236189Z 0 [Note] Shutting down plugin 'INNODB_SYS_VIRTUAL'
2017-08-18T11:17:50.236337Z 0 [Note] Shutting down plugin 'INNODB_SYS_DATAFILES'
2017-08-18T11:17:50.236503Z 0 [Note] Shutting down plugin 'INNODB_SYS_TABLESPACES'
2017-08-18T11:17:50.236639Z 0 [Note] Shutting down plugin 'INNODB_SYS_FOREIGN_COLS'
2017-08-18T11:17:50.236801Z 0 [Note] Shutting down plugin 'INNODB_SYS_FOREIGN'
2017-08-18T11:17:50.236941Z 0 [Note] Shutting down plugin 'INNODB_SYS_FIELDS'
2017-08-18T11:17:50.237120Z 0 [Note] Shutting down plugin 'INNODB_SYS_COLUMNS'
2017-08-18T11:17:50.237262Z 0 [Note] Shutting down plugin 'INNODB_SYS_INDEXES'
2017-08-18T11:17:50.237424Z 0 [Note] Shutting down plugin 'INNODB_SYS_TABLESTATS'
2017-08-18T11:17:50.237593Z 0 [Note] Shutting down plugin 'INNODB_SYS_TABLES'
2017-08-18T11:17:50.237763Z 0 [Note] Shutting down plugin 'INNODB_FT_INDEX_TABLE'
2017-08-18T11:17:50.237980Z 0 [Note] Shutting down plugin 'INNODB_FT_INDEX_CACHE'
2017-08-18T11:17:50.238135Z 0 [Note] Shutting down plugin 'INNODB_FT_CONFIG'
2017-08-18T11:17:50.238295Z 0 [Note] Shutting down plugin 'INNODB_FT_BEING_DELETED'
2017-08-18T11:17:50.238490Z 0 [Note] Shutting down plugin 'INNODB_FT_DELETED'
2017-08-18T11:17:50.238626Z 0 [Note] Shutting down plugin 'INNODB_FT_DEFAULT_STOPWORD'
2017-08-18T11:17:50.238773Z 0 [Note] Shutting down plugin 'INNODB_METRICS'
2017-08-18T11:17:50.238911Z 0 [Note] Shutting down plugin 'INNODB_TEMP_TABLE_INFO'
2017-08-18T11:17:50.239115Z 0 [Note] Shutting down plugin 'INNODB_BUFFER_POOL_STATS'
2017-08-18T11:17:50.239290Z 0 [Note] Shutting down plugin 'INNODB_BUFFER_PAGE_LRU'
2017-08-18T11:17:50.239440Z 0 [Note] Shutting down plugin 'INNODB_BUFFER_PAGE'
2017-08-18T11:17:50.239606Z 0 [Note] Shutting down plugin 'INNODB_CMP_PER_INDEX_RESET'
2017-08-18T11:17:50.239742Z 0 [Note] Shutting down plugin 'INNODB_CMP_PER_INDEX'
2017-08-18T11:17:50.239876Z 0 [Note] Shutting down plugin 'INNODB_CMPMEM_RESET'
2017-08-18T11:17:50.240020Z 0 [Note] Shutting down plugin 'INNODB_CMPMEM'
2017-08-18T11:17:50.240170Z 0 [Note] Shutting down plugin 'INNODB_CMP_RESET'
2017-08-18T11:17:50.240334Z 0 [Note] Shutting down plugin 'INNODB_CMP'
2017-08-18T11:17:50.240492Z 0 [Note] Shutting down plugin 'INNODB_LOCK_WAITS'
2017-08-18T11:17:50.240636Z 0 [Note] Shutting down plugin 'INNODB_LOCKS'
2017-08-18T11:17:50.240823Z 0 [Note] Shutting down plugin 'INNODB_TRX'
2017-08-18T11:17:50.241020Z 0 [Note] Shutting down plugin 'InnoDB'
2017-08-18T11:17:50.241386Z 0 [Note] InnoDB: FTS optimize thread exiting.
2017-08-18T11:17:50.241671Z 0 [Note] InnoDB: Starting shutdown...
2017-08-18T11:17:50.342193Z 0 [Note] InnoDB: Dumping buffer pool(s) to /var/lib/mysql/ib_buffer_pool
2017-08-18T11:17:50.342656Z 0 [Note] InnoDB: Buffer pool(s) dump completed at 170818 11:17:50
2017-08-18T11:17:51.965733Z 0 [Note] InnoDB: Shutdown completed; log sequence number 12127494
2017-08-18T11:17:51.968162Z 0 [Note] InnoDB: Removed temporary tablespace data file: "ibtmp1"
2017-08-18T11:17:51.968540Z 0 [Note] Shutting down plugin 'MyISAM'
2017-08-18T11:17:51.968782Z 0 [Note] Shutting down plugin 'MRG_MYISAM'
2017-08-18T11:17:51.968993Z 0 [Note] Shutting down plugin 'CSV'
2017-08-18T11:17:51.969255Z 0 [Note] Shutting down plugin 'PERFORMANCE_SCHEMA'
2017-08-18T11:17:51.969730Z 0 [Note] Shutting down plugin 'sha256_password'
2017-08-18T11:17:51.969908Z 0 [Note] Shutting down plugin 'mysql_native_password'
2017-08-18T11:17:51.970136Z 0 [Note] Shutting down plugin 'binlog'
2017-08-18T11:17:51.974980Z 0 [Note] mysqld: Shutdown complete

2017-08-18T11:17:52.260271Z 0 [Note] mysqld (mysqld 5.7.12-log) starting as process 1 ...
2017-08-18T11:17:52.265094Z 0 [Note] InnoDB: PUNCH HOLE support available
2017-08-18T11:17:52.265355Z 0 [Note] InnoDB: Mutexes and rw_locks use GCC atomic builtins
2017-08-18T11:17:52.265573Z 0 [Note] InnoDB: Uses event mutexes
2017-08-18T11:17:52.265828Z 0 [Note] InnoDB: GCC builtin __atomic_thread_fence() is used for memory barrier
2017-08-18T11:17:52.266062Z 0 [Note] InnoDB: Compressed tables use zlib 1.2.8
2017-08-18T11:17:52.266295Z 0 [Note] InnoDB: Using Linux native AIO
2017-08-18T11:17:52.266819Z 0 [Note] InnoDB: Number of pools: 1
2017-08-18T11:17:52.267146Z 0 [Note] InnoDB: Using CPU crc32 instructions
2017-08-18T11:17:52.271500Z 0 [Note] InnoDB: Initializing buffer pool, total size = 128M, instances = 1, chunk size = 128M
2017-08-18T11:17:52.276372Z 0 [Note] InnoDB: Completed initialization of buffer pool
2017-08-18T11:17:52.277745Z 0 [Note] InnoDB: If the mysqld execution user is authorized, page cleaner thread priority can be changed. See the man page of setpriority().
2017-08-18T11:17:52.289241Z 0 [Note] InnoDB: Highest supported file format is Barracuda.
2017-08-18T11:17:52.294858Z 0 [Note] InnoDB: Creating shared tablespace for temporary tables
2017-08-18T11:17:52.295212Z 0 [Note] InnoDB: Setting file './ibtmp1' size to 12 MB. Physically writing the file full; Please wait ...
2017-08-18T11:17:52.325166Z 0 [Note] InnoDB: File './ibtmp1' size is now 12 MB.
2017-08-18T11:17:52.326197Z 0 [Note] InnoDB: 96 redo rollback segment(s) found. 96 redo rollback segment(s) are active.
2017-08-18T11:17:52.326428Z 0 [Note] InnoDB: 32 non-redo rollback segment(s) are active.
2017-08-18T11:17:52.326974Z 0 [Note] InnoDB: Waiting for purge to start
2017-08-18T11:17:52.377361Z 0 [Note] InnoDB: 5.7.12 started; log sequence number 12127494
2017-08-18T11:17:52.378505Z 0 [Note] InnoDB: Loading buffer pool(s) from /var/lib/mysql/ib_buffer_pool
2017-08-18T11:17:52.378907Z 0 [Note] Plugin 'FEDERATED' is disabled.
2017-08-18T11:17:52.381229Z 0 [Note] InnoDB: Buffer pool(s) load completed at 170818 11:17:52
2017-08-18T11:17:52.383725Z 0 [Warning] Failed to set up SSL because of the following SSL library error: SSL context is not usable without certificate and private key
2017-08-18T11:17:52.383941Z 0 [Note] Server hostname (bind-address): '*'; port: 3306
2017-08-18T11:17:52.384184Z 0 [Note] IPv6 is available.
2017-08-18T11:17:52.384363Z 0 [Note]   - '::' resolves to '::';
2017-08-18T11:17:52.384575Z 0 [Note] Server socket created on IP: '::'.
2017-08-18T11:17:52.386825Z 0 [Warning] 'db' entry 'sys mysql.sys@localhost' ignored in --skip-name-resolve mode.
2017-08-18T11:17:52.387068Z 0 [Warning] 'proxies_priv' entry '@ root@localhost' ignored in --skip-name-resolve mode.
2017-08-18T11:17:52.389152Z 0 [Warning] 'tables_priv' entry 'sys_config mysql.sys@localhost' ignored in --skip-name-resolve mode.
2017-08-18T11:17:52.393341Z 0 [Note] Event Scheduler: Loaded 0 events
2017-08-18T11:17:52.394043Z 0 [Note] mysqld: ready for connections.
Version: '5.7.12-log'  socket: '/var/run/mysqld/mysqld.sock'  port: 3306  MySQL Community Server (GPL)
2017-08-18T12:23:05.168000Z 0 [Warning] InnoDB: New log files created, LSN=45790
2017-08-18T12:23:05.247716Z 0 [Warning] InnoDB: Creating foreign key constraint system tables.
2017-08-18T12:23:05.332741Z 0 [Warning] No existing UUID has been found, so we assume that this is the first time that this server has been started. Generating a new UUID: fc7a1f09-840f-11e7-ab90-0242ac120005.
2017-08-18T12:23:05.335697Z 0 [Warning] Gtid table is not ready to be used. Table 'mysql.gtid_executed' cannot be opened.
2017-08-18T12:23:05.341167Z 1 [Warning] root@localhost is created with an empty password ! Please consider switching off the --initialize-insecure option.
2017-08-18T12:23:06.742571Z 1 [Warning] 'user' entry 'root@localhost' ignored in --skip-name-resolve mode.
2017-08-18T12:23:06.742786Z 1 [Warning] 'user' entry 'mysql.sys@localhost' ignored in --skip-name-resolve mode.
2017-08-18T12:23:06.743071Z 1 [Warning] 'db' entry 'sys mysql.sys@localhost' ignored in --skip-name-resolve mode.
2017-08-18T12:23:06.743287Z 1 [Warning] 'proxies_priv' entry '@ root@localhost' ignored in --skip-name-resolve mode.
2017-08-18T12:23:06.743506Z 1 [Warning] 'tables_priv' entry 'sys_config mysql.sys@localhost' ignored in --skip-name-resolve mode.
2017-08-18T12:23:08.597430Z 0 [Note] mysqld (mysqld 5.7.12-log) starting as process 50 ...
2017-08-18T12:23:08.608145Z 0 [Note] InnoDB: PUNCH HOLE support available
2017-08-18T12:23:08.608342Z 0 [Note] InnoDB: Mutexes and rw_locks use GCC atomic builtins
2017-08-18T12:23:08.609984Z 0 [Note] InnoDB: Uses event mutexes
2017-08-18T12:23:08.610214Z 0 [Note] InnoDB: GCC builtin __atomic_thread_fence() is used for memory barrier
2017-08-18T12:23:08.610362Z 0 [Note] InnoDB: Compressed tables use zlib 1.2.8
2017-08-18T12:23:08.610495Z 0 [Note] InnoDB: Using Linux native AIO
2017-08-18T12:23:08.610788Z 0 [Note] InnoDB: Number of pools: 1
2017-08-18T12:23:08.611000Z 0 [Note] InnoDB: Using CPU crc32 instructions
2017-08-18T12:23:08.616306Z 0 [Note] InnoDB: Initializing buffer pool, total size = 128M, instances = 1, chunk size = 128M
2017-08-18T12:23:08.631004Z 0 [Note] InnoDB: Completed initialization of buffer pool
2017-08-18T12:23:08.637260Z 0 [Note] InnoDB: If the mysqld execution user is authorized, page cleaner thread priority can be changed. See the man page of setpriority().
2017-08-18T12:23:08.652360Z 0 [Note] InnoDB: Highest supported file format is Barracuda.
2017-08-18T12:23:08.675085Z 0 [Note] InnoDB: Creating shared tablespace for temporary tables
2017-08-18T12:23:08.675433Z 0 [Note] InnoDB: Setting file './ibtmp1' size to 12 MB. Physically writing the file full; Please wait ...
2017-08-18T12:23:08.744973Z 0 [Note] InnoDB: File './ibtmp1' size is now 12 MB.
2017-08-18T12:23:08.745854Z 0 [Note] InnoDB: 96 redo rollback segment(s) found. 96 redo rollback segment(s) are active.
2017-08-18T12:23:08.746056Z 0 [Note] InnoDB: 32 non-redo rollback segment(s) are active.
2017-08-18T12:23:08.746427Z 0 [Note] InnoDB: Waiting for purge to start
2017-08-18T12:23:08.799125Z 0 [Note] InnoDB: 5.7.12 started; log sequence number 2522067
2017-08-18T12:23:08.799590Z 0 [Note] Plugin 'FEDERATED' is disabled.
2017-08-18T12:23:08.799721Z 0 [Note] InnoDB: Loading buffer pool(s) from /var/lib/mysql/ib_buffer_pool
2017-08-18T12:23:08.807269Z 0 [Warning] Failed to set up SSL because of the following SSL library error: SSL context is not usable without certificate and private key
2017-08-18T12:23:08.807429Z 0 [Note] InnoDB: Buffer pool(s) load completed at 170818 12:23:08
2017-08-18T12:23:08.818777Z 0 [Warning] 'user' entry 'root@localhost' ignored in --skip-name-resolve mode.
2017-08-18T12:23:08.819154Z 0 [Warning] 'user' entry 'mysql.sys@localhost' ignored in --skip-name-resolve mode.
2017-08-18T12:23:08.819361Z 0 [Warning] 'db' entry 'sys mysql.sys@localhost' ignored in --skip-name-resolve mode.
2017-08-18T12:23:08.819559Z 0 [Warning] 'proxies_priv' entry '@ root@localhost' ignored in --skip-name-resolve mode.
2017-08-18T12:23:08.820934Z 0 [Warning] 'tables_priv' entry 'sys_config mysql.sys@localhost' ignored in --skip-name-resolve mode.
2017-08-18T12:23:08.835893Z 0 [Note] Event Scheduler: Loaded 0 events
2017-08-18T12:23:08.836497Z 0 [Note] mysqld: ready for connections.
Version: '5.7.12-log'  socket: '/var/run/mysqld/mysqld.sock'  port: 0  MySQL Community Server (GPL)
2017-08-18T12:23:13.053654Z 4 [Warning] 'db' entry 'sys mysql.sys@localhost' ignored in --skip-name-resolve mode.
2017-08-18T12:23:13.053877Z 4 [Warning] 'proxies_priv' entry '@ root@localhost' ignored in --skip-name-resolve mode.
2017-08-18T12:23:13.054110Z 4 [Warning] 'tables_priv' entry 'sys_config mysql.sys@localhost' ignored in --skip-name-resolve mode.
2017-08-18T12:23:13.055768Z 0 [Note] Giving 0 client threads a chance to die gracefully
2017-08-18T12:23:13.056011Z 0 [Note] Shutting down slave threads
2017-08-18T12:23:13.056167Z 0 [Note] Forcefully disconnecting 0 remaining clients
2017-08-18T12:23:13.057105Z 0 [Note] Event Scheduler: Purging the queue. 0 events
2017-08-18T12:23:13.057423Z 0 [Note] Binlog end
2017-08-18T12:23:13.057973Z 0 [Note] Shutting down plugin 'ngram'
2017-08-18T12:23:13.058163Z 0 [Note] Shutting down plugin 'BLACKHOLE'
2017-08-18T12:23:13.058370Z 0 [Note] Shutting down plugin 'partition'
2017-08-18T12:23:13.058528Z 0 [Note] Shutting down plugin 'ARCHIVE'
2017-08-18T12:23:13.058675Z 0 [Note] Shutting down plugin 'MEMORY'
2017-08-18T12:23:13.058844Z 0 [Note] Shutting down plugin 'INNODB_SYS_VIRTUAL'
2017-08-18T12:23:13.059039Z 0 [Note] Shutting down plugin 'INNODB_SYS_DATAFILES'
2017-08-18T12:23:13.059224Z 0 [Note] Shutting down plugin 'INNODB_SYS_TABLESPACES'
2017-08-18T12:23:13.059379Z 0 [Note] Shutting down plugin 'INNODB_SYS_FOREIGN_COLS'
2017-08-18T12:23:13.059519Z 0 [Note] Shutting down plugin 'INNODB_SYS_FOREIGN'
2017-08-18T12:23:13.059760Z 0 [Note] Shutting down plugin 'INNODB_SYS_FIELDS'
2017-08-18T12:23:13.059939Z 0 [Note] Shutting down plugin 'INNODB_SYS_COLUMNS'
2017-08-18T12:23:13.060113Z 0 [Note] Shutting down plugin 'INNODB_SYS_INDEXES'
2017-08-18T12:23:13.060296Z 0 [Note] Shutting down plugin 'INNODB_SYS_TABLESTATS'
2017-08-18T12:23:13.060479Z 0 [Note] Shutting down plugin 'INNODB_SYS_TABLES'
2017-08-18T12:23:13.060633Z 0 [Note] Shutting down plugin 'INNODB_FT_INDEX_TABLE'
2017-08-18T12:23:13.060789Z 0 [Note] Shutting down plugin 'INNODB_FT_INDEX_CACHE'
2017-08-18T12:23:13.061193Z 0 [Note] Shutting down plugin 'INNODB_FT_CONFIG'
2017-08-18T12:23:13.061369Z 0 [Note] Shutting down plugin 'INNODB_FT_BEING_DELETED'
2017-08-18T12:23:13.061522Z 0 [Note] Shutting down plugin 'INNODB_FT_DELETED'
2017-08-18T12:23:13.061691Z 0 [Note] Shutting down plugin 'INNODB_FT_DEFAULT_STOPWORD'
2017-08-18T12:23:13.061831Z 0 [Note] Shutting down plugin 'INNODB_METRICS'
2017-08-18T12:23:13.062026Z 0 [Note] Shutting down plugin 'INNODB_TEMP_TABLE_INFO'
2017-08-18T12:23:13.062200Z 0 [Note] Shutting down plugin 'INNODB_BUFFER_POOL_STATS'
2017-08-18T12:23:13.062334Z 0 [Note] Shutting down plugin 'INNODB_BUFFER_PAGE_LRU'
2017-08-18T12:23:13.062472Z 0 [Note] Shutting down plugin 'INNODB_BUFFER_PAGE'
2017-08-18T12:23:13.062611Z 0 [Note] Shutting down plugin 'INNODB_CMP_PER_INDEX_RESET'
2017-08-18T12:23:13.062741Z 0 [Note] Shutting down plugin 'INNODB_CMP_PER_INDEX'
2017-08-18T12:23:13.062867Z 0 [Note] Shutting down plugin 'INNODB_CMPMEM_RESET'
2017-08-18T12:23:13.063018Z 0 [Note] Shutting down plugin 'INNODB_CMPMEM'
2017-08-18T12:23:13.063158Z 0 [Note] Shutting down plugin 'INNODB_CMP_RESET'
2017-08-18T12:23:13.063289Z 0 [Note] Shutting down plugin 'INNODB_CMP'
2017-08-18T12:23:13.063433Z 0 [Note] Shutting down plugin 'INNODB_LOCK_WAITS'
2017-08-18T12:23:13.063565Z 0 [Note] Shutting down plugin 'INNODB_LOCKS'
2017-08-18T12:23:13.063697Z 0 [Note] Shutting down plugin 'INNODB_TRX'
2017-08-18T12:23:13.063842Z 0 [Note] Shutting down plugin 'InnoDB'
2017-08-18T12:23:13.064040Z 0 [Note] InnoDB: FTS optimize thread exiting.
2017-08-18T12:23:13.064275Z 0 [Note] InnoDB: Starting shutdown...
2017-08-18T12:23:13.164574Z 0 [Note] InnoDB: Dumping buffer pool(s) to /var/lib/mysql/ib_buffer_pool
2017-08-18T12:23:13.164979Z 0 [Note] InnoDB: Buffer pool(s) dump completed at 170818 12:23:13
2017-08-18T12:23:14.689742Z 0 [Note] InnoDB: Shutdown completed; log sequence number 12127494
2017-08-18T12:23:14.692173Z 0 [Note] InnoDB: Removed temporary tablespace data file: "ibtmp1"
2017-08-18T12:23:14.692460Z 0 [Note] Shutting down plugin 'MyISAM'
2017-08-18T12:23:14.692706Z 0 [Note] Shutting down plugin 'MRG_MYISAM'
2017-08-18T12:23:14.692921Z 0 [Note] Shutting down plugin 'CSV'
2017-08-18T12:23:14.693154Z 0 [Note] Shutting down plugin 'PERFORMANCE_SCHEMA'
2017-08-18T12:23:14.693356Z 0 [Note] Shutting down plugin 'sha256_password'
2017-08-18T12:23:14.693545Z 0 [Note] Shutting down plugin 'mysql_native_password'
2017-08-18T12:23:14.693802Z 0 [Note] Shutting down plugin 'binlog'
2017-08-18T12:23:14.699229Z 0 [Note] mysqld: Shutdown complete

2017-08-18T12:23:14.973675Z 0 [Note] mysqld (mysqld 5.7.12-log) starting as process 1 ...
2017-08-18T12:23:14.977879Z 0 [Note] InnoDB: PUNCH HOLE support available
2017-08-18T12:23:14.978064Z 0 [Note] InnoDB: Mutexes and rw_locks use GCC atomic builtins
2017-08-18T12:23:14.978191Z 0 [Note] InnoDB: Uses event mutexes
2017-08-18T12:23:14.978302Z 0 [Note] InnoDB: GCC builtin __atomic_thread_fence() is used for memory barrier
2017-08-18T12:23:14.978439Z 0 [Note] InnoDB: Compressed tables use zlib 1.2.8
2017-08-18T12:23:14.978573Z 0 [Note] InnoDB: Using Linux native AIO
2017-08-18T12:23:14.978834Z 0 [Note] InnoDB: Number of pools: 1
2017-08-18T12:23:14.979051Z 0 [Note] InnoDB: Using CPU crc32 instructions
2017-08-18T12:23:14.983208Z 0 [Note] InnoDB: Initializing buffer pool, total size = 128M, instances = 1, chunk size = 128M
2017-08-18T12:23:14.987718Z 0 [Note] InnoDB: Completed initialization of buffer pool
2017-08-18T12:23:14.989071Z 0 [Note] InnoDB: If the mysqld execution user is authorized, page cleaner thread priority can be changed. See the man page of setpriority().
2017-08-18T12:23:15.001629Z 0 [Note] InnoDB: Highest supported file format is Barracuda.
2017-08-18T12:23:15.007869Z 0 [Note] InnoDB: Creating shared tablespace for temporary tables
2017-08-18T12:23:15.008289Z 0 [Note] InnoDB: Setting file './ibtmp1' size to 12 MB. Physically writing the file full; Please wait ...
2017-08-18T12:23:15.079665Z 0 [Note] InnoDB: File './ibtmp1' size is now 12 MB.
2017-08-18T12:23:15.080472Z 0 [Note] InnoDB: 96 redo rollback segment(s) found. 96 redo rollback segment(s) are active.
2017-08-18T12:23:15.080703Z 0 [Note] InnoDB: 32 non-redo rollback segment(s) are active.
2017-08-18T12:23:15.081559Z 0 [Note] InnoDB: Waiting for purge to start
2017-08-18T12:23:15.132153Z 0 [Note] InnoDB: 5.7.12 started; log sequence number 12127494
2017-08-18T12:23:15.132733Z 0 [Note] InnoDB: Loading buffer pool(s) from /var/lib/mysql/ib_buffer_pool
2017-08-18T12:23:15.132835Z 0 [Note] Plugin 'FEDERATED' is disabled.
2017-08-18T12:23:15.135574Z 0 [Note] InnoDB: Buffer pool(s) load completed at 170818 12:23:15
2017-08-18T12:23:15.137284Z 0 [Warning] Failed to set up SSL because of the following SSL library error: SSL context is not usable without certificate and private key
2017-08-18T12:23:15.137452Z 0 [Note] Server hostname (bind-address): '*'; port: 3306
2017-08-18T12:23:15.137631Z 0 [Note] IPv6 is available.
2017-08-18T12:23:15.137776Z 0 [Note]   - '::' resolves to '::';
2017-08-18T12:23:15.137927Z 0 [Note] Server socket created on IP: '::'.
2017-08-18T12:23:15.140267Z 0 [Warning] 'db' entry 'sys mysql.sys@localhost' ignored in --skip-name-resolve mode.
2017-08-18T12:23:15.140468Z 0 [Warning] 'proxies_priv' entry '@ root@localhost' ignored in --skip-name-resolve mode.
2017-08-18T12:23:15.141772Z 0 [Warning] 'tables_priv' entry 'sys_config mysql.sys@localhost' ignored in --skip-name-resolve mode.
2017-08-18T12:23:15.145261Z 0 [Note] Event Scheduler: Loaded 0 events
2017-08-18T12:23:15.145688Z 0 [Note] mysqld: ready for connections.
Version: '5.7.12-log'  socket: '/var/run/mysqld/mysqld.sock'  port: 3306  MySQL Community Server (GPL)
2017-08-18T12:57:58.748341Z 0 [Note] Giving 1 client threads a chance to die gracefully
2017-08-18T12:57:58.748575Z 0 [Note] Shutting down slave threads
2017-08-18T12:58:00.748973Z 0 [Note] Forcefully disconnecting 0 remaining clients
2017-08-18T12:58:00.749385Z 0 [Note] Event Scheduler: Purging the queue. 0 events
2017-08-18T12:58:00.749788Z 0 [Note] Binlog end
2017-08-18T12:58:00.750349Z 0 [Note] Shutting down plugin 'ngram'
2017-08-18T12:58:00.750606Z 0 [Note] Shutting down plugin 'BLACKHOLE'
2017-08-18T12:58:00.750868Z 0 [Note] Shutting down plugin 'partition'
2017-08-18T12:58:00.751065Z 0 [Note] Shutting down plugin 'ARCHIVE'
2017-08-18T12:58:00.751262Z 0 [Note] Shutting down plugin 'MEMORY'
2017-08-18T12:58:00.751429Z 0 [Note] Shutting down plugin 'INNODB_SYS_VIRTUAL'
2017-08-18T12:58:00.751591Z 0 [Note] Shutting down plugin 'INNODB_SYS_DATAFILES'
2017-08-18T12:58:00.751741Z 0 [Note] Shutting down plugin 'INNODB_SYS_TABLESPACES'
2017-08-18T12:58:00.751854Z 0 [Note] Shutting down plugin 'INNODB_SYS_FOREIGN_COLS'
2017-08-18T12:58:00.751953Z 0 [Note] Shutting down plugin 'INNODB_SYS_FOREIGN'
2017-08-18T12:58:00.752084Z 0 [Note] Shutting down plugin 'INNODB_SYS_FIELDS'
2017-08-18T12:58:00.752181Z 0 [Note] Shutting down plugin 'INNODB_SYS_COLUMNS'
2017-08-18T12:58:00.752298Z 0 [Note] Shutting down plugin 'INNODB_SYS_INDEXES'
2017-08-18T12:58:00.752413Z 0 [Note] Shutting down plugin 'INNODB_SYS_TABLESTATS'
2017-08-18T12:58:00.752649Z 0 [Note] Shutting down plugin 'INNODB_SYS_TABLES'
2017-08-18T12:58:00.752778Z 0 [Note] Shutting down plugin 'INNODB_FT_INDEX_TABLE'
2017-08-18T12:58:00.752905Z 0 [Note] Shutting down plugin 'INNODB_FT_INDEX_CACHE'
2017-08-18T12:58:00.753017Z 0 [Note] Shutting down plugin 'INNODB_FT_CONFIG'
2017-08-18T12:58:00.753159Z 0 [Note] Shutting down plugin 'INNODB_FT_BEING_DELETED'
2017-08-18T12:58:00.753287Z 0 [Note] Shutting down plugin 'INNODB_FT_DELETED'
2017-08-18T12:58:00.753435Z 0 [Note] Shutting down plugin 'INNODB_FT_DEFAULT_STOPWORD'
2017-08-18T12:58:00.753576Z 0 [Note] Shutting down plugin 'INNODB_METRICS'
2017-08-18T12:58:00.753694Z 0 [Note] Shutting down plugin 'INNODB_TEMP_TABLE_INFO'
2017-08-18T12:58:00.753794Z 0 [Note] Shutting down plugin 'INNODB_BUFFER_POOL_STATS'
2017-08-18T12:58:00.753905Z 0 [Note] Shutting down plugin 'INNODB_BUFFER_PAGE_LRU'
2017-08-18T12:58:00.754014Z 0 [Note] Shutting down plugin 'INNODB_BUFFER_PAGE'
2017-08-18T12:58:00.754126Z 0 [Note] Shutting down plugin 'INNODB_CMP_PER_INDEX_RESET'
2017-08-18T12:58:00.754239Z 0 [Note] Shutting down plugin 'INNODB_CMP_PER_INDEX'
2017-08-18T12:58:00.754368Z 0 [Note] Shutting down plugin 'INNODB_CMPMEM_RESET'
2017-08-18T12:58:00.754491Z 0 [Note] Shutting down plugin 'INNODB_CMPMEM'
2017-08-18T12:58:00.754613Z 0 [Note] Shutting down plugin 'INNODB_CMP_RESET'
2017-08-18T12:58:00.754721Z 0 [Note] Shutting down plugin 'INNODB_CMP'
2017-08-18T12:58:00.754864Z 0 [Note] Shutting down plugin 'INNODB_LOCK_WAITS'
2017-08-18T12:58:00.755019Z 0 [Note] Shutting down plugin 'INNODB_LOCKS'
2017-08-18T12:58:00.755128Z 0 [Note] Shutting down plugin 'INNODB_TRX'
2017-08-18T12:58:00.755260Z 0 [Note] Shutting down plugin 'InnoDB'
2017-08-18T12:58:00.755422Z 0 [Note] InnoDB: FTS optimize thread exiting.
2017-08-18T12:58:00.755624Z 0 [Note] InnoDB: Starting shutdown...
2017-08-18T12:58:00.856207Z 0 [Note] InnoDB: Dumping buffer pool(s) to /var/lib/mysql/ib_buffer_pool
2017-08-18T12:58:00.856640Z 0 [Note] InnoDB: Buffer pool(s) dump completed at 170818 12:58:00
2017-08-18T12:58:02.079110Z 0 [Note] InnoDB: Shutdown completed; log sequence number 12127522
2017-08-18T12:58:02.081723Z 0 [Note] InnoDB: Removed temporary tablespace data file: "ibtmp1"
2017-08-18T12:58:02.082226Z 0 [Note] Shutting down plugin 'MyISAM'
2017-08-18T12:58:02.082578Z 0 [Note] Shutting down plugin 'MRG_MYISAM'
2017-08-18T12:58:02.082825Z 0 [Note] Shutting down plugin 'CSV'
2017-08-18T12:58:02.083072Z 0 [Note] Shutting down plugin 'PERFORMANCE_SCHEMA'
2017-08-18T12:58:02.083304Z 0 [Note] Shutting down plugin 'sha256_password'
2017-08-18T12:58:02.083483Z 0 [Note] Shutting down plugin 'mysql_native_password'
2017-08-18T12:58:02.083761Z 0 [Note] Shutting down plugin 'binlog'
2017-08-18T12:58:02.086221Z 0 [Note] mysqld: Shutdown complete

